<?xml version="1.0" encoding="UTF-8"?>
<!-- Generated by org.testng.reporters.JUnitXMLReporter -->
<testsuite hostname="TRUCTRUONG" ignored="0" name="testNG" tests="5" failures="0" timestamp="2021-04-03T14:36:31 ICT" time="0.027" errors="0">
  <testcase name="tc01" time="0.001" classname="Modules.TestNgExample"/>
  <testcase name="tc02" time="0.0" classname="Modules.TestNgExample"/>
  <testcase name="tc03" time="0.0" classname="Modules.TestNgExample"/>
  <testcase name="tc04" time="0.0" classname="Modules.TestNgExample"/>
  <testcase name="tc05" time="0.0" classname="Modules.TestNgExample"/>
</testsuite> <!-- testNG -->
