<?xml version="1.0" encoding="UTF-8"?>
<testng-results skipped="0" failed="0" ignored="0" total="5" passed="5">
  <reporter-output>
  </reporter-output>
  <suite name="demo" duration-ms="27" started-at="2021-04-03T14:36:31 ICT" finished-at="2021-04-03T14:36:31 ICT">
    <groups>
    </groups>
    <test name="testNG" duration-ms="27" started-at="2021-04-03T14:36:31 ICT" finished-at="2021-04-03T14:36:31 ICT">
      <class name="Modules.TestNgExample">
        <test-method status="PASS" signature="beforeSuite()[pri:0, instance:Modules.TestNgExample@72b6cbcc]" name="beforeSuite" is-config="true" duration-ms="5" started-at="2021-04-03T14:36:31 ICT" finished-at="2021-04-03T14:36:31 ICT">
          <reporter-output>
          </reporter-output>
        </test-method> <!-- beforeSuite -->
        <test-method status="PASS" signature="beforeTest()[pri:0, instance:Modules.TestNgExample@72b6cbcc]" name="beforeTest" is-config="true" duration-ms="0" started-at="2021-04-03T14:36:31 ICT" finished-at="2021-04-03T14:36:31 ICT">
          <reporter-output>
          </reporter-output>
        </test-method> <!-- beforeTest -->
        <test-method status="PASS" signature="beforeClass()[pri:0, instance:Modules.TestNgExample@72b6cbcc]" name="beforeClass" is-config="true" duration-ms="0" started-at="2021-04-03T14:36:31 ICT" finished-at="2021-04-03T14:36:31 ICT">
          <reporter-output>
          </reporter-output>
        </test-method> <!-- beforeClass -->
        <test-method status="PASS" signature="beforeMethod()[pri:0, instance:Modules.TestNgExample@72b6cbcc]" name="beforeMethod" is-config="true" duration-ms="1" started-at="2021-04-03T14:36:31 ICT" finished-at="2021-04-03T14:36:31 ICT">
          <reporter-output>
          </reporter-output>
        </test-method> <!-- beforeMethod -->
        <test-method status="PASS" signature="tc01()[pri:0, instance:Modules.TestNgExample@72b6cbcc]" name="tc01" duration-ms="1" started-at="2021-04-03T14:36:31 ICT" finished-at="2021-04-03T14:36:31 ICT">
          <reporter-output>
          </reporter-output>
        </test-method> <!-- tc01 -->
        <test-method status="PASS" signature="afterMethod()[pri:0, instance:Modules.TestNgExample@72b6cbcc]" name="afterMethod" is-config="true" duration-ms="1" started-at="2021-04-03T14:36:31 ICT" finished-at="2021-04-03T14:36:31 ICT">
          <reporter-output>
          </reporter-output>
        </test-method> <!-- afterMethod -->
        <test-method status="PASS" signature="beforeMethod()[pri:0, instance:Modules.TestNgExample@72b6cbcc]" name="beforeMethod" is-config="true" duration-ms="0" started-at="2021-04-03T14:36:31 ICT" finished-at="2021-04-03T14:36:31 ICT">
          <reporter-output>
          </reporter-output>
        </test-method> <!-- beforeMethod -->
        <test-method status="PASS" signature="tc02()[pri:0, instance:Modules.TestNgExample@72b6cbcc]" name="tc02" duration-ms="0" started-at="2021-04-03T14:36:31 ICT" finished-at="2021-04-03T14:36:31 ICT">
          <reporter-output>
          </reporter-output>
        </test-method> <!-- tc02 -->
        <test-method status="PASS" signature="afterMethod()[pri:0, instance:Modules.TestNgExample@72b6cbcc]" name="afterMethod" is-config="true" duration-ms="1" started-at="2021-04-03T14:36:31 ICT" finished-at="2021-04-03T14:36:31 ICT">
          <reporter-output>
          </reporter-output>
        </test-method> <!-- afterMethod -->
        <test-method status="PASS" signature="tc03()[pri:0, instance:Modules.TestNgExample@72b6cbcc]" name="tc03" duration-ms="0" started-at="2021-04-03T14:36:31 ICT" finished-at="2021-04-03T14:36:31 ICT">
          <reporter-output>
          </reporter-output>
        </test-method> <!-- tc03 -->
        <test-method status="PASS" signature="beforeMethod()[pri:0, instance:Modules.TestNgExample@72b6cbcc]" name="beforeMethod" is-config="true" duration-ms="0" started-at="2021-04-03T14:36:31 ICT" finished-at="2021-04-03T14:36:31 ICT">
          <reporter-output>
          </reporter-output>
        </test-method> <!-- beforeMethod -->
        <test-method status="PASS" signature="afterMethod()[pri:0, instance:Modules.TestNgExample@72b6cbcc]" name="afterMethod" is-config="true" duration-ms="0" started-at="2021-04-03T14:36:31 ICT" finished-at="2021-04-03T14:36:31 ICT">
          <reporter-output>
          </reporter-output>
        </test-method> <!-- afterMethod -->
        <test-method status="PASS" signature="afterMethod()[pri:0, instance:Modules.TestNgExample@72b6cbcc]" name="afterMethod" is-config="true" duration-ms="0" started-at="2021-04-03T14:36:31 ICT" finished-at="2021-04-03T14:36:31 ICT">
          <reporter-output>
          </reporter-output>
        </test-method> <!-- afterMethod -->
        <test-method status="PASS" signature="beforeMethod()[pri:0, instance:Modules.TestNgExample@72b6cbcc]" name="beforeMethod" is-config="true" duration-ms="0" started-at="2021-04-03T14:36:31 ICT" finished-at="2021-04-03T14:36:31 ICT">
          <reporter-output>
          </reporter-output>
        </test-method> <!-- beforeMethod -->
        <test-method status="PASS" signature="tc04()[pri:0, instance:Modules.TestNgExample@72b6cbcc]" name="tc04" duration-ms="0" started-at="2021-04-03T14:36:31 ICT" finished-at="2021-04-03T14:36:31 ICT">
          <reporter-output>
          </reporter-output>
        </test-method> <!-- tc04 -->
        <test-method status="PASS" signature="afterMethod()[pri:0, instance:Modules.TestNgExample@72b6cbcc]" name="afterMethod" is-config="true" duration-ms="0" started-at="2021-04-03T14:36:31 ICT" finished-at="2021-04-03T14:36:31 ICT">
          <reporter-output>
          </reporter-output>
        </test-method> <!-- afterMethod -->
        <test-method status="PASS" signature="tc05()[pri:0, instance:Modules.TestNgExample@72b6cbcc]" name="tc05" duration-ms="0" started-at="2021-04-03T14:36:31 ICT" finished-at="2021-04-03T14:36:31 ICT">
          <reporter-output>
          </reporter-output>
        </test-method> <!-- tc05 -->
        <test-method status="PASS" signature="beforeMethod()[pri:0, instance:Modules.TestNgExample@72b6cbcc]" name="beforeMethod" is-config="true" duration-ms="0" started-at="2021-04-03T14:36:31 ICT" finished-at="2021-04-03T14:36:31 ICT">
          <reporter-output>
          </reporter-output>
        </test-method> <!-- beforeMethod -->
        <test-method status="PASS" signature="afterClass()[pri:0, instance:Modules.TestNgExample@72b6cbcc]" name="afterClass" is-config="true" duration-ms="0" started-at="2021-04-03T14:36:31 ICT" finished-at="2021-04-03T14:36:31 ICT">
          <reporter-output>
          </reporter-output>
        </test-method> <!-- afterClass -->
        <test-method status="PASS" signature="afterTest()[pri:0, instance:Modules.TestNgExample@72b6cbcc]" name="afterTest" is-config="true" duration-ms="0" started-at="2021-04-03T14:36:31 ICT" finished-at="2021-04-03T14:36:31 ICT">
          <reporter-output>
          </reporter-output>
        </test-method> <!-- afterTest -->
        <test-method status="PASS" signature="afterSuite()[pri:0, instance:Modules.TestNgExample@72b6cbcc]" name="afterSuite" is-config="true" duration-ms="0" started-at="2021-04-03T14:36:31 ICT" finished-at="2021-04-03T14:36:31 ICT">
          <reporter-output>
          </reporter-output>
        </test-method> <!-- afterSuite -->
      </class> <!-- Modules.TestNgExample -->
    </test> <!-- testNG -->
  </suite> <!-- demo -->
</testng-results>
